[2022-04-24 16:53:09.055] [exthost] [info] Extension host with pid 25504 started
[2022-04-24 16:53:09.055] [exthost] [info] Skipping acquiring lock for /home/ophis/.config/Code/User/workspaceStorage/cca908dbabbbb0096474b83dbf9efe5d.
[2022-04-24 16:53:09.154] [exthost] [info] ExtensionService#_doActivateExtension matklad.rust-analyzer, startup: false, activationEvent: 'onLanguage:rust'
[2022-04-24 16:53:09.170] [exthost] [info] ExtensionService#_doActivateExtension vscode.microsoft-authentication, startup: false, activationEvent: 'onAuthenticationRequest:microsoft'
[2022-04-24 16:53:09.180] [exthost] [info] ExtensionService#_doActivateExtension vscode.debug-auto-launch, startup: true, activationEvent: '*'
[2022-04-24 16:53:09.181] [exthost] [info] ExtensionService#_doActivateExtension vscode.git-base, startup: true, activationEvent: '*', root cause: vscode.git
[2022-04-24 16:53:09.183] [exthost] [info] ExtensionService#_doActivateExtension vscode.ipynb, startup: true, activationEvent: '*'
[2022-04-24 16:53:09.184] [exthost] [info] ExtensionService#_doActivateExtension asvetliakov.vscode-neovim, startup: true, activationEvent: '*'
[2022-04-24 16:53:09.194] [exthost] [info] ExtensionService#_doActivateExtension mosapride.zenkaku, startup: true, activationEvent: '*'
[2022-04-24 16:53:09.195] [exthost] [info] ExtensionService#_doActivateExtension oderwat.indent-rainbow, startup: true, activationEvent: '*'
[2022-04-24 16:53:09.296] [exthost] [info] ExtensionService#_doActivateExtension vscode.git, startup: true, activationEvent: '*'
[2022-04-24 16:53:09.317] [exthost] [info] ExtensionService#_doActivateExtension vscode.github, startup: true, activationEvent: '*'
[2022-04-24 16:53:09.479] [exthost] [info] Eager extensions activated
[2022-04-24 16:53:09.732] [exthost] [info] ExtensionService#_doActivateExtension vscode.github-authentication, startup: false, activationEvent: 'onAuthenticationRequest:github'
[2022-04-24 16:53:09.747] [exthost] [info] ExtensionService#_doActivateExtension vscode.emmet, startup: false, activationEvent: 'onStartupFinished'
[2022-04-24 16:53:09.762] [exthost] [info] ExtensionService#_doActivateExtension vscode.merge-conflict, startup: false, activationEvent: 'onStartupFinished'
[2022-04-24 16:53:09.764] [exthost] [info] ExtensionService#_doActivateExtension esbenp.prettier-vscode, startup: false, activationEvent: 'onStartupFinished'
[2022-04-24 16:54:50.917] [exthost] [error] [matklad.rust-analyzer] provider FAILED
[2022-04-24 16:54:50.920] [exthost] [error] Error: Failed to spawn "rustfmt" "--edition" "2021"
	at lr (/home/ophis/.vscode/extensions/matklad.rust-analyzer-0.2.1022-linux-x64/out/main.js:4:228)
	at Bn (/home/ophis/.vscode/extensions/matklad.rust-analyzer-0.2.1022-linux-x64/out/main.js:3:6684)
	at Immediate.<anonymous> (/home/ophis/.vscode/extensions/matklad.rust-analyzer-0.2.1022-linux-x64/out/main.js:3:6531)
	at processImmediate (node:internal/timers:464:21)
[2022-04-24 16:57:20.092] [exthost] [error] [matklad.rust-analyzer] provider FAILED
[2022-04-24 16:57:20.092] [exthost] [error] Error: Failed to spawn "rustfmt" "--edition" "2021"
	at lr (/home/ophis/.vscode/extensions/matklad.rust-analyzer-0.2.1022-linux-x64/out/main.js:4:228)
	at Bn (/home/ophis/.vscode/extensions/matklad.rust-analyzer-0.2.1022-linux-x64/out/main.js:3:6684)
	at Immediate.<anonymous> (/home/ophis/.vscode/extensions/matklad.rust-analyzer-0.2.1022-linux-x64/out/main.js:3:6531)
	at processImmediate (node:internal/timers:464:21)
[2022-04-24 16:58:22.636] [exthost] [error] [matklad.rust-analyzer] provider FAILED
[2022-04-24 16:58:22.636] [exthost] [error] Error: Failed to spawn "rustfmt" "--edition" "2021"
	at lr (/home/ophis/.vscode/extensions/matklad.rust-analyzer-0.2.1022-linux-x64/out/main.js:4:228)
	at Bn (/home/ophis/.vscode/extensions/matklad.rust-analyzer-0.2.1022-linux-x64/out/main.js:3:6684)
	at Immediate.<anonymous> (/home/ophis/.vscode/extensions/matklad.rust-analyzer-0.2.1022-linux-x64/out/main.js:3:6531)
	at processImmediate (node:internal/timers:464:21)
[2022-04-24 16:58:39.084] [exthost] [error] [matklad.rust-analyzer] provider FAILED
[2022-04-24 16:58:39.084] [exthost] [error] Error: Failed to spawn "rustfmt" "--edition" "2021"
	at lr (/home/ophis/.vscode/extensions/matklad.rust-analyzer-0.2.1022-linux-x64/out/main.js:4:228)
	at Bn (/home/ophis/.vscode/extensions/matklad.rust-analyzer-0.2.1022-linux-x64/out/main.js:3:6684)
	at Immediate.<anonymous> (/home/ophis/.vscode/extensions/matklad.rust-analyzer-0.2.1022-linux-x64/out/main.js:3:6531)
	at processImmediate (node:internal/timers:464:21)
[2022-04-24 17:01:34.289] [exthost] [error] [matklad.rust-analyzer] provider FAILED
[2022-04-24 17:01:34.289] [exthost] [error] Error: Failed to spawn "rustfmt" "--edition" "2021"
	at lr (/home/ophis/.vscode/extensions/matklad.rust-analyzer-0.2.1022-linux-x64/out/main.js:4:228)
	at Bn (/home/ophis/.vscode/extensions/matklad.rust-analyzer-0.2.1022-linux-x64/out/main.js:3:6684)
	at Immediate.<anonymous> (/home/ophis/.vscode/extensions/matklad.rust-analyzer-0.2.1022-linux-x64/out/main.js:3:6531)
	at processImmediate (node:internal/timers:464:21)
[2022-04-24 17:01:36.518] [exthost] [error] [matklad.rust-analyzer] provider FAILED
[2022-04-24 17:01:36.518] [exthost] [error] Error: Failed to spawn "rustfmt" "--edition" "2021"
	at lr (/home/ophis/.vscode/extensions/matklad.rust-analyzer-0.2.1022-linux-x64/out/main.js:4:228)
	at Bn (/home/ophis/.vscode/extensions/matklad.rust-analyzer-0.2.1022-linux-x64/out/main.js:3:6684)
	at Immediate.<anonymous> (/home/ophis/.vscode/extensions/matklad.rust-analyzer-0.2.1022-linux-x64/out/main.js:3:6531)
	at processImmediate (node:internal/timers:464:21)
[2022-04-24 17:02:06.078] [exthost] [error] [matklad.rust-analyzer] provider FAILED
[2022-04-24 17:02:06.078] [exthost] [error] Error: Failed to spawn "rustfmt" "--edition" "2021"
	at lr (/home/ophis/.vscode/extensions/matklad.rust-analyzer-0.2.1022-linux-x64/out/main.js:4:228)
	at Bn (/home/ophis/.vscode/extensions/matklad.rust-analyzer-0.2.1022-linux-x64/out/main.js:3:6684)
	at Immediate.<anonymous> (/home/ophis/.vscode/extensions/matklad.rust-analyzer-0.2.1022-linux-x64/out/main.js:3:6531)
	at processImmediate (node:internal/timers:464:21)
[2022-04-24 17:08:58.474] [exthost] [error] [matklad.rust-analyzer] provider FAILED
[2022-04-24 17:08:58.474] [exthost] [error] Error: Failed to spawn "rustfmt" "--edition" "2021"
	at lr (/home/ophis/.vscode/extensions/matklad.rust-analyzer-0.2.1022-linux-x64/out/main.js:4:228)
	at Bn (/home/ophis/.vscode/extensions/matklad.rust-analyzer-0.2.1022-linux-x64/out/main.js:3:6684)
	at Immediate.<anonymous> (/home/ophis/.vscode/extensions/matklad.rust-analyzer-0.2.1022-linux-x64/out/main.js:3:6531)
	at processImmediate (node:internal/timers:464:21)
[2022-04-24 17:09:03.893] [exthost] [error] [matklad.rust-analyzer] provider FAILED
[2022-04-24 17:09:03.893] [exthost] [error] Error: Failed to spawn "rustfmt" "--edition" "2021"
	at lr (/home/ophis/.vscode/extensions/matklad.rust-analyzer-0.2.1022-linux-x64/out/main.js:4:228)
	at Bn (/home/ophis/.vscode/extensions/matklad.rust-analyzer-0.2.1022-linux-x64/out/main.js:3:6684)
	at Immediate.<anonymous> (/home/ophis/.vscode/extensions/matklad.rust-analyzer-0.2.1022-linux-x64/out/main.js:3:6531)
	at processImmediate (node:internal/timers:464:21)
[2022-04-24 17:09:15.207] [exthost] [error] [matklad.rust-analyzer] provider FAILED
[2022-04-24 17:09:15.207] [exthost] [error] Error: Failed to spawn "rustfmt" "--edition" "2021"
	at lr (/home/ophis/.vscode/extensions/matklad.rust-analyzer-0.2.1022-linux-x64/out/main.js:4:228)
	at Bn (/home/ophis/.vscode/extensions/matklad.rust-analyzer-0.2.1022-linux-x64/out/main.js:3:6684)
	at Immediate.<anonymous> (/home/ophis/.vscode/extensions/matklad.rust-analyzer-0.2.1022-linux-x64/out/main.js:3:6531)
	at processImmediate (node:internal/timers:464:21)
[2022-04-24 17:16:18.689] [exthost] [error] [matklad.rust-analyzer] provider FAILED
[2022-04-24 17:16:18.689] [exthost] [error] Error: Failed to spawn "rustfmt" "--edition" "2021"
	at lr (/home/ophis/.vscode/extensions/matklad.rust-analyzer-0.2.1022-linux-x64/out/main.js:4:228)
	at Bn (/home/ophis/.vscode/extensions/matklad.rust-analyzer-0.2.1022-linux-x64/out/main.js:3:6684)
	at Immediate.<anonymous> (/home/ophis/.vscode/extensions/matklad.rust-analyzer-0.2.1022-linux-x64/out/main.js:3:6531)
	at processImmediate (node:internal/timers:464:21)
[2022-04-24 17:16:56.338] [exthost] [error] [matklad.rust-analyzer] provider FAILED
[2022-04-24 17:16:56.338] [exthost] [error] Error: Failed to spawn "rustfmt" "--edition" "2021"
	at lr (/home/ophis/.vscode/extensions/matklad.rust-analyzer-0.2.1022-linux-x64/out/main.js:4:228)
	at Bn (/home/ophis/.vscode/extensions/matklad.rust-analyzer-0.2.1022-linux-x64/out/main.js:3:6684)
	at Immediate.<anonymous> (/home/ophis/.vscode/extensions/matklad.rust-analyzer-0.2.1022-linux-x64/out/main.js:3:6531)
	at processImmediate (node:internal/timers:464:21)
[2022-04-24 17:18:51.474] [exthost] [error] [matklad.rust-analyzer] provider FAILED
[2022-04-24 17:18:51.474] [exthost] [error] Error: Failed to spawn "rustfmt" "--edition" "2021"
	at lr (/home/ophis/.vscode/extensions/matklad.rust-analyzer-0.2.1022-linux-x64/out/main.js:4:228)
	at Bn (/home/ophis/.vscode/extensions/matklad.rust-analyzer-0.2.1022-linux-x64/out/main.js:3:6684)
	at Immediate.<anonymous> (/home/ophis/.vscode/extensions/matklad.rust-analyzer-0.2.1022-linux-x64/out/main.js:3:6531)
	at processImmediate (node:internal/timers:464:21)
[2022-04-24 17:19:03.665] [exthost] [error] [matklad.rust-analyzer] provider FAILED
[2022-04-24 17:19:03.665] [exthost] [error] Error: Failed to spawn "rustfmt" "--edition" "2021"
	at lr (/home/ophis/.vscode/extensions/matklad.rust-analyzer-0.2.1022-linux-x64/out/main.js:4:228)
	at Bn (/home/ophis/.vscode/extensions/matklad.rust-analyzer-0.2.1022-linux-x64/out/main.js:3:6684)
	at Immediate.<anonymous> (/home/ophis/.vscode/extensions/matklad.rust-analyzer-0.2.1022-linux-x64/out/main.js:3:6531)
	at processImmediate (node:internal/timers:464:21)
[2022-04-24 17:26:32.726] [exthost] [error] [matklad.rust-analyzer] provider FAILED
[2022-04-24 17:26:32.726] [exthost] [error] Error: Failed to spawn "rustfmt" "--edition" "2021"
	at lr (/home/ophis/.vscode/extensions/matklad.rust-analyzer-0.2.1022-linux-x64/out/main.js:4:228)
	at Bn (/home/ophis/.vscode/extensions/matklad.rust-analyzer-0.2.1022-linux-x64/out/main.js:3:6684)
	at Immediate.<anonymous> (/home/ophis/.vscode/extensions/matklad.rust-analyzer-0.2.1022-linux-x64/out/main.js:3:6531)
	at processImmediate (node:internal/timers:464:21)
[2022-04-24 17:27:12.834] [exthost] [error] [matklad.rust-analyzer] provider FAILED
[2022-04-24 17:27:12.834] [exthost] [error] Error: Failed to spawn "rustfmt" "--edition" "2021"
	at lr (/home/ophis/.vscode/extensions/matklad.rust-analyzer-0.2.1022-linux-x64/out/main.js:4:228)
	at Bn (/home/ophis/.vscode/extensions/matklad.rust-analyzer-0.2.1022-linux-x64/out/main.js:3:6684)
	at Immediate.<anonymous> (/home/ophis/.vscode/extensions/matklad.rust-analyzer-0.2.1022-linux-x64/out/main.js:3:6531)
	at processImmediate (node:internal/timers:464:21)
[2022-04-24 17:27:28.562] [exthost] [error] [matklad.rust-analyzer] provider FAILED
[2022-04-24 17:27:28.562] [exthost] [error] Error: Failed to spawn "rustfmt" "--edition" "2021"
	at lr (/home/ophis/.vscode/extensions/matklad.rust-analyzer-0.2.1022-linux-x64/out/main.js:4:228)
	at Bn (/home/ophis/.vscode/extensions/matklad.rust-analyzer-0.2.1022-linux-x64/out/main.js:3:6684)
	at Immediate.<anonymous> (/home/ophis/.vscode/extensions/matklad.rust-analyzer-0.2.1022-linux-x64/out/main.js:3:6531)
	at processImmediate (node:internal/timers:464:21)
[2022-04-24 17:28:51.742] [exthost] [error] [matklad.rust-analyzer] provider FAILED
[2022-04-24 17:28:51.742] [exthost] [error] Error: Failed to spawn "rustfmt" "--edition" "2021"
	at lr (/home/ophis/.vscode/extensions/matklad.rust-analyzer-0.2.1022-linux-x64/out/main.js:4:228)
	at Bn (/home/ophis/.vscode/extensions/matklad.rust-analyzer-0.2.1022-linux-x64/out/main.js:3:6684)
	at Immediate.<anonymous> (/home/ophis/.vscode/extensions/matklad.rust-analyzer-0.2.1022-linux-x64/out/main.js:3:6531)
	at processImmediate (node:internal/timers:464:21)
[2022-04-24 17:29:22.626] [exthost] [error] [matklad.rust-analyzer] provider FAILED
[2022-04-24 17:29:22.626] [exthost] [error] Error: Failed to spawn "rustfmt" "--edition" "2021"
	at lr (/home/ophis/.vscode/extensions/matklad.rust-analyzer-0.2.1022-linux-x64/out/main.js:4:228)
	at Bn (/home/ophis/.vscode/extensions/matklad.rust-analyzer-0.2.1022-linux-x64/out/main.js:3:6684)
	at Immediate.<anonymous> (/home/ophis/.vscode/extensions/matklad.rust-analyzer-0.2.1022-linux-x64/out/main.js:3:6531)
	at processImmediate (node:internal/timers:464:21)
[2022-04-24 17:29:59.192] [exthost] [error] [matklad.rust-analyzer] provider FAILED
[2022-04-24 17:29:59.192] [exthost] [error] Error: Failed to spawn "rustfmt" "--edition" "2021"
	at lr (/home/ophis/.vscode/extensions/matklad.rust-analyzer-0.2.1022-linux-x64/out/main.js:4:228)
	at Bn (/home/ophis/.vscode/extensions/matklad.rust-analyzer-0.2.1022-linux-x64/out/main.js:3:6684)
	at Immediate.<anonymous> (/home/ophis/.vscode/extensions/matklad.rust-analyzer-0.2.1022-linux-x64/out/main.js:3:6531)
	at processImmediate (node:internal/timers:464:21)
[2022-04-24 17:30:04.984] [exthost] [error] [matklad.rust-analyzer] provider FAILED
[2022-04-24 17:30:04.984] [exthost] [error] Error: Failed to spawn "rustfmt" "--edition" "2021"
	at lr (/home/ophis/.vscode/extensions/matklad.rust-analyzer-0.2.1022-linux-x64/out/main.js:4:228)
	at Bn (/home/ophis/.vscode/extensions/matklad.rust-analyzer-0.2.1022-linux-x64/out/main.js:3:6684)
	at Immediate.<anonymous> (/home/ophis/.vscode/extensions/matklad.rust-analyzer-0.2.1022-linux-x64/out/main.js:3:6531)
	at processImmediate (node:internal/timers:464:21)
[2022-04-24 17:30:10.705] [exthost] [error] [matklad.rust-analyzer] provider FAILED
[2022-04-24 17:30:10.705] [exthost] [error] Error: Failed to spawn "rustfmt" "--edition" "2021"
	at lr (/home/ophis/.vscode/extensions/matklad.rust-analyzer-0.2.1022-linux-x64/out/main.js:4:228)
	at Bn (/home/ophis/.vscode/extensions/matklad.rust-analyzer-0.2.1022-linux-x64/out/main.js:3:6684)
	at Immediate.<anonymous> (/home/ophis/.vscode/extensions/matklad.rust-analyzer-0.2.1022-linux-x64/out/main.js:3:6531)
	at processImmediate (node:internal/timers:464:21)
[2022-04-24 17:30:16.886] [exthost] [error] [matklad.rust-analyzer] provider FAILED
[2022-04-24 17:30:16.886] [exthost] [error] Error: Failed to spawn "rustfmt" "--edition" "2021"
	at lr (/home/ophis/.vscode/extensions/matklad.rust-analyzer-0.2.1022-linux-x64/out/main.js:4:228)
	at Bn (/home/ophis/.vscode/extensions/matklad.rust-analyzer-0.2.1022-linux-x64/out/main.js:3:6684)
	at Immediate.<anonymous> (/home/ophis/.vscode/extensions/matklad.rust-analyzer-0.2.1022-linux-x64/out/main.js:3:6531)
	at processImmediate (node:internal/timers:464:21)
[2022-04-24 17:33:11.828] [exthost] [error] [matklad.rust-analyzer] provider FAILED
[2022-04-24 17:33:11.828] [exthost] [error] Error: Failed to spawn "rustfmt" "--edition" "2021"
	at lr (/home/ophis/.vscode/extensions/matklad.rust-analyzer-0.2.1022-linux-x64/out/main.js:4:228)
	at Bn (/home/ophis/.vscode/extensions/matklad.rust-analyzer-0.2.1022-linux-x64/out/main.js:3:6684)
	at Immediate.<anonymous> (/home/ophis/.vscode/extensions/matklad.rust-analyzer-0.2.1022-linux-x64/out/main.js:3:6531)
	at processImmediate (node:internal/timers:464:21)
[2022-04-24 17:33:22.352] [exthost] [error] [matklad.rust-analyzer] provider FAILED
[2022-04-24 17:33:22.352] [exthost] [error] Error: Failed to spawn "rustfmt" "--edition" "2021"
	at lr (/home/ophis/.vscode/extensions/matklad.rust-analyzer-0.2.1022-linux-x64/out/main.js:4:228)
	at Bn (/home/ophis/.vscode/extensions/matklad.rust-analyzer-0.2.1022-linux-x64/out/main.js:3:6684)
	at Immediate.<anonymous> (/home/ophis/.vscode/extensions/matklad.rust-analyzer-0.2.1022-linux-x64/out/main.js:3:6531)
	at processImmediate (node:internal/timers:464:21)
[2022-04-24 17:33:46.137] [exthost] [error] [matklad.rust-analyzer] provider FAILED
[2022-04-24 17:33:46.137] [exthost] [error] Error: Failed to spawn "rustfmt" "--edition" "2021"
	at lr (/home/ophis/.vscode/extensions/matklad.rust-analyzer-0.2.1022-linux-x64/out/main.js:4:228)
	at Bn (/home/ophis/.vscode/extensions/matklad.rust-analyzer-0.2.1022-linux-x64/out/main.js:3:6684)
	at Immediate.<anonymous> (/home/ophis/.vscode/extensions/matklad.rust-analyzer-0.2.1022-linux-x64/out/main.js:3:6531)
	at processImmediate (node:internal/timers:464:21)
[2022-04-24 17:40:38.498] [exthost] [error] [matklad.rust-analyzer] provider FAILED
[2022-04-24 17:40:38.498] [exthost] [error] Error: Failed to spawn "rustfmt" "--edition" "2021"
	at lr (/home/ophis/.vscode/extensions/matklad.rust-analyzer-0.2.1022-linux-x64/out/main.js:4:228)
	at Bn (/home/ophis/.vscode/extensions/matklad.rust-analyzer-0.2.1022-linux-x64/out/main.js:3:6684)
	at Immediate.<anonymous> (/home/ophis/.vscode/extensions/matklad.rust-analyzer-0.2.1022-linux-x64/out/main.js:3:6531)
	at processImmediate (node:internal/timers:464:21)
[2022-04-24 17:41:03.631] [exthost] [error] [matklad.rust-analyzer] provider FAILED
[2022-04-24 17:41:03.631] [exthost] [error] Error: Failed to spawn "rustfmt" "--edition" "2021"
	at lr (/home/ophis/.vscode/extensions/matklad.rust-analyzer-0.2.1022-linux-x64/out/main.js:4:228)
	at Bn (/home/ophis/.vscode/extensions/matklad.rust-analyzer-0.2.1022-linux-x64/out/main.js:3:6684)
	at Immediate.<anonymous> (/home/ophis/.vscode/extensions/matklad.rust-analyzer-0.2.1022-linux-x64/out/main.js:3:6531)
	at processImmediate (node:internal/timers:464:21)
[2022-04-24 17:41:14.830] [exthost] [error] [matklad.rust-analyzer] provider FAILED
[2022-04-24 17:41:14.830] [exthost] [error] Error: Failed to spawn "rustfmt" "--edition" "2021"
	at lr (/home/ophis/.vscode/extensions/matklad.rust-analyzer-0.2.1022-linux-x64/out/main.js:4:228)
	at Bn (/home/ophis/.vscode/extensions/matklad.rust-analyzer-0.2.1022-linux-x64/out/main.js:3:6684)
	at Immediate.<anonymous> (/home/ophis/.vscode/extensions/matklad.rust-analyzer-0.2.1022-linux-x64/out/main.js:3:6531)
	at processImmediate (node:internal/timers:464:21)
[2022-04-24 17:55:19.164] [exthost] [info] extension host terminating: renderer closed the socket
[2022-04-24 17:55:19.171] [exthost] [error] Canceled: Canceled
	at Object.N [as canceled] (/opt/vscode/resources/app/out/vs/workbench/api/node/extensionHostProcess.js:5:1172)
	at i._remoteCall (/opt/vscode/resources/app/out/vs/workbench/api/node/extensionHostProcess.js:89:13900)
	at Proxy.p.<computed>.U.charCodeAt.p.<computed> (/opt/vscode/resources/app/out/vs/workbench/api/node/extensionHostProcess.js:89:10296)
	at m._doExecuteCommand (/opt/vscode/resources/app/out/vs/workbench/api/node/extensionHostProcess.js:85:30156)
	at m.executeCommand (/opt/vscode/resources/app/out/vs/workbench/api/node/extensionHostProcess.js:85:29554)
	at Object.executeCommand (/opt/vscode/resources/app/out/vs/workbench/api/node/extensionHostProcess.js:99:31355)
	at Tc (/home/ophis/.vscode/extensions/matklad.rust-analyzer-0.2.1022-linux-x64/out/main.js:39:60194)
	at Object.av (/home/ophis/.vscode/extensions/matklad.rust-analyzer-0.2.1022-linux-x64/out/main.js:85:1592)
	at u._deactivate (/opt/vscode/resources/app/out/vs/workbench/api/node/extensionHostProcess.js:90:11690)
	at /opt/vscode/resources/app/out/vs/workbench/api/node/extensionHostProcess.js:90:10231
	at Array.map (<anonymous>)
	at u.deactivateAll (/opt/vscode/resources/app/out/vs/workbench/api/node/extensionHostProcess.js:90:10218)
	at E.terminate (/opt/vscode/resources/app/out/vs/workbench/api/node/extensionHostProcess.js:94:880)
	at d (/opt/vscode/resources/app/out/vs/workbench/api/node/extensionHostProcess.js:104:36250)
	at Socket.<anonymous> (/opt/vscode/resources/app/out/vs/workbench/api/node/extensionHostProcess.js:104:33946)
	at Socket.emit (node:events:402:35)
	at Pipe.<anonymous> (node:net:687:12)
[2022-04-24 17:55:19.171] [exthost] [info] Extension host with pid 25504 exiting with code 0
