[2022-04-24T07:25:56.238Z] Git の検証が検出されました: git
[2022-04-24T07:25:56.261Z] git から Git 2.35.1 を使用しています
[2022-04-24T07:25:56.272Z] > git rev-parse --git-dir [1ms]
[2022-04-24T07:25:56.276Z] Open repository: /home/ophis/git/atcoder
[2022-04-24T07:25:56.287Z] > git symbolic-ref --short HEAD [1ms]
[2022-04-24T07:25:56.290Z] > git for-each-ref --format=%(refname)%00%(upstream:short)%00%(objectname)%00%(upstream:track) refs/heads/master refs/remotes/master [1ms]
[2022-04-24T07:25:56.296Z] > git remote --verbose [1ms]
[2022-04-24T07:25:56.296Z] > git for-each-ref --sort -committerdate --format %(refname) %(objectname) %(*objectname) [3ms]
[2022-04-24T07:25:56.300Z] > git config --get commit.template [1ms]
[2022-04-24T07:25:56.724Z] > git ls-files --stage -- /home/ophis/git/atcoder/src/main.rs [10ms]
[2022-04-24T07:26:03.644Z] > git symbolic-ref --short HEAD [3ms]
[2022-04-24T07:26:03.651Z] > git for-each-ref --format=%(refname)%00%(upstream:short)%00%(objectname)%00%(upstream:track) refs/heads/master refs/remotes/master [1ms]
[2022-04-24T07:26:03.656Z] > git for-each-ref --sort -committerdate --format %(refname) %(objectname) %(*objectname) [3ms]
[2022-04-24T07:26:03.656Z] > git remote --verbose [1ms]
[2022-04-24T07:26:03.659Z] > git config --get commit.template [0ms]
[2022-04-24T07:26:20.525Z] > git ls-files --stage -- /home/ophis/git/atcoder/src/main.rs [5ms]
[2022-04-24T07:26:23.582Z] > git symbolic-ref --short HEAD [3ms]
[2022-04-24T07:26:23.594Z] > git for-each-ref --format=%(refname)%00%(upstream:short)%00%(objectname)%00%(upstream:track) refs/heads/master refs/remotes/master [3ms]
[2022-04-24T07:26:23.614Z] > git for-each-ref --sort -committerdate --format %(refname) %(objectname) %(*objectname) [11ms]
[2022-04-24T07:26:23.615Z] > git remote --verbose [4ms]
[2022-04-24T07:26:23.629Z] > git config --get commit.template [3ms]
