[2022-04-24T09:09:54.038Z] Git の検証が検出されました: git
[2022-04-24T09:09:54.055Z] git から Git 2.35.1 を使用しています
[2022-04-24T09:09:54.112Z] > git rev-parse --git-dir [28ms]
[2022-04-24T09:09:54.116Z] Open repository: /home/ophis/git/atcoder
[2022-04-24T09:09:54.143Z] > git symbolic-ref --short HEAD [13ms]
[2022-04-24T09:09:54.156Z] > git for-each-ref --format=%(refname)%00%(upstream:short)%00%(objectname)%00%(upstream:track) refs/heads/master refs/remotes/master [2ms]
[2022-04-24T09:09:54.174Z] > git remote --verbose [2ms]
[2022-04-24T09:09:54.174Z] > git for-each-ref --sort -committerdate --format %(refname) %(objectname) %(*objectname) [7ms]
[2022-04-24T09:09:54.183Z] > git config --get commit.template [2ms]
[2022-04-24T09:09:54.475Z] > git ls-files --stage -- /home/ophis/git/atcoder/src/main.rs [5ms]
[2022-04-24T09:10:01.933Z] > git symbolic-ref --short HEAD [0ms]
[2022-04-24T09:10:01.938Z] > git for-each-ref --format=%(refname)%00%(upstream:short)%00%(objectname)%00%(upstream:track) refs/heads/master refs/remotes/master [1ms]
[2022-04-24T09:10:01.944Z] > git for-each-ref --sort -committerdate --format %(refname) %(objectname) %(*objectname) [3ms]
[2022-04-24T09:10:01.944Z] > git remote --verbose [1ms]
[2022-04-24T09:10:01.949Z] > git config --get commit.template [0ms]
[2022-04-24T09:12:06.560Z] > git ls-files --stage -- /home/ophis/git/atcoder/src/main.rs [3ms]
[2022-04-24T09:12:10.055Z] > git symbolic-ref --short HEAD [1ms]
[2022-04-24T09:12:10.058Z] > git for-each-ref --format=%(refname)%00%(upstream:short)%00%(objectname)%00%(upstream:track) refs/heads/master refs/remotes/master [1ms]
[2022-04-24T09:12:10.063Z] > git for-each-ref --sort -committerdate --format %(refname) %(objectname) %(*objectname) [3ms]
[2022-04-24T09:12:10.063Z] > git remote --verbose [1ms]
[2022-04-24T09:12:10.066Z] > git config --get commit.template [0ms]
[2022-04-24T09:12:46.781Z] > git symbolic-ref --short HEAD [0ms]
[2022-04-24T09:12:46.785Z] > git for-each-ref --format=%(refname)%00%(upstream:short)%00%(objectname)%00%(upstream:track) refs/heads/master refs/remotes/master [1ms]
[2022-04-24T09:12:46.791Z] > git for-each-ref --sort -committerdate --format %(refname) %(objectname) %(*objectname) [4ms]
[2022-04-24T09:12:46.791Z] > git remote --verbose [1ms]
[2022-04-24T09:12:46.796Z] > git config --get commit.template [1ms]
[2022-04-24T09:17:08.706Z] > git symbolic-ref --short HEAD [3ms]
[2022-04-24T09:17:08.717Z] > git for-each-ref --format=%(refname)%00%(upstream:short)%00%(objectname)%00%(upstream:track) refs/heads/master refs/remotes/master [2ms]
[2022-04-24T09:17:08.726Z] > git for-each-ref --sort -committerdate --format %(refname) %(objectname) %(*objectname) [4ms]
[2022-04-24T09:17:08.727Z] > git remote --verbose [1ms]
[2022-04-24T09:17:08.732Z] > git config --get commit.template [1ms]
[2022-04-24T09:17:33.141Z] > git ls-files --stage -- /home/ophis/git/atcoder/src/main.rs [3ms]
[2022-04-24T09:17:35.973Z] > git symbolic-ref --short HEAD [1ms]
[2022-04-24T09:17:35.977Z] > git for-each-ref --format=%(refname)%00%(upstream:short)%00%(objectname)%00%(upstream:track) refs/heads/master refs/remotes/master [1ms]
[2022-04-24T09:17:35.983Z] > git for-each-ref --sort -committerdate --format %(refname) %(objectname) %(*objectname) [3ms]
[2022-04-24T09:17:35.983Z] > git remote --verbose [1ms]
[2022-04-24T09:17:35.988Z] > git config --get commit.template [1ms]
