[2022-04-24T08:55:23.665Z] Git の検証が検出されました: git
[2022-04-24T08:55:23.701Z] git から Git 2.35.1 を使用しています
[2022-04-24T08:55:23.716Z] > git rev-parse --git-dir [1ms]
[2022-04-24T08:55:23.720Z] Open repository: /home/ophis/git/atcoder
[2022-04-24T08:55:23.732Z] > git symbolic-ref --short HEAD [1ms]
[2022-04-24T08:55:23.736Z] > git for-each-ref --format=%(refname)%00%(upstream:short)%00%(objectname)%00%(upstream:track) refs/heads/master refs/remotes/master [1ms]
[2022-04-24T08:55:23.743Z] > git remote --verbose [1ms]
[2022-04-24T08:55:23.743Z] > git for-each-ref --sort -committerdate --format %(refname) %(objectname) %(*objectname) [4ms]
[2022-04-24T08:55:23.748Z] > git config --get commit.template [1ms]
[2022-04-24T08:55:24.666Z] > git ls-files --stage -- /home/ophis/git/atcoder/src/main.rs [24ms]
[2022-04-24T08:55:25.784Z] > git symbolic-ref --short HEAD [1ms]
[2022-04-24T08:55:25.793Z] > git for-each-ref --format=%(refname)%00%(upstream:short)%00%(objectname)%00%(upstream:track) refs/heads/master refs/remotes/master [2ms]
[2022-04-24T08:55:25.806Z] > git for-each-ref --sort -committerdate --format %(refname) %(objectname) %(*objectname) [7ms]
[2022-04-24T08:55:25.806Z] > git remote --verbose [2ms]
[2022-04-24T08:55:25.811Z] > git config --get commit.template [0ms]
[2022-04-24T08:55:30.825Z] > git symbolic-ref --short HEAD [1ms]
[2022-04-24T08:55:30.830Z] > git for-each-ref --format=%(refname)%00%(upstream:short)%00%(objectname)%00%(upstream:track) refs/heads/master refs/remotes/master [1ms]
[2022-04-24T08:55:30.837Z] > git for-each-ref --sort -committerdate --format %(refname) %(objectname) %(*objectname) [4ms]
[2022-04-24T08:55:30.837Z] > git remote --verbose [1ms]
[2022-04-24T08:55:30.842Z] > git config --get commit.template [1ms]
[2022-04-24T08:55:42.085Z] > git symbolic-ref --short HEAD [1ms]
[2022-04-24T08:55:42.089Z] > git for-each-ref --format=%(refname)%00%(upstream:short)%00%(objectname)%00%(upstream:track) refs/heads/master refs/remotes/master [1ms]
[2022-04-24T08:55:42.095Z] > git for-each-ref --sort -committerdate --format %(refname) %(objectname) %(*objectname) [3ms]
[2022-04-24T08:55:42.096Z] > git remote --verbose [1ms]
[2022-04-24T08:55:42.101Z] > git config --get commit.template [1ms]
[2022-04-24T08:55:49.562Z] > git symbolic-ref --short HEAD [0ms]
[2022-04-24T08:55:49.566Z] > git for-each-ref --format=%(refname)%00%(upstream:short)%00%(objectname)%00%(upstream:track) refs/heads/master refs/remotes/master [0ms]
[2022-04-24T08:55:49.572Z] > git for-each-ref --sort -committerdate --format %(refname) %(objectname) %(*objectname) [3ms]
[2022-04-24T08:55:49.572Z] > git remote --verbose [1ms]
[2022-04-24T08:55:49.577Z] > git config --get commit.template [1ms]
[2022-04-24T08:55:55.251Z] > git symbolic-ref --short HEAD [1ms]
[2022-04-24T08:55:55.254Z] > git for-each-ref --format=%(refname)%00%(upstream:short)%00%(objectname)%00%(upstream:track) refs/heads/master refs/remotes/master [0ms]
[2022-04-24T08:55:55.260Z] > git for-each-ref --sort -committerdate --format %(refname) %(objectname) %(*objectname) [3ms]
[2022-04-24T08:55:55.260Z] > git remote --verbose [1ms]
[2022-04-24T08:55:55.264Z] > git config --get commit.template [1ms]
