[2022-04-24T09:06:54.180Z] Git の検証が検出されました: git
[2022-04-24T09:06:54.206Z] git から Git 2.35.1 を使用しています
[2022-04-24T09:06:54.218Z] > git rev-parse --git-dir [0ms]
[2022-04-24T09:06:54.222Z] Open repository: /home/ophis/git/atcoder
[2022-04-24T09:06:54.231Z] > git symbolic-ref --short HEAD [1ms]
[2022-04-24T09:06:54.234Z] > git for-each-ref --format=%(refname)%00%(upstream:short)%00%(objectname)%00%(upstream:track) refs/heads/master refs/remotes/master [0ms]
[2022-04-24T09:06:54.241Z] > git remote --verbose [1ms]
[2022-04-24T09:06:54.241Z] > git for-each-ref --sort -committerdate --format %(refname) %(objectname) %(*objectname) [4ms]
[2022-04-24T09:06:54.246Z] > git config --get commit.template [1ms]
[2022-04-24T09:06:54.861Z] > git ls-files --stage -- /home/ophis/git/atcoder/src/main.rs [3ms]
[2022-04-24T09:06:56.074Z] > git symbolic-ref --short HEAD [1ms]
[2022-04-24T09:06:56.078Z] > git for-each-ref --format=%(refname)%00%(upstream:short)%00%(objectname)%00%(upstream:track) refs/heads/master refs/remotes/master [0ms]
[2022-04-24T09:06:56.085Z] > git for-each-ref --sort -committerdate --format %(refname) %(objectname) %(*objectname) [4ms]
[2022-04-24T09:06:56.085Z] > git remote --verbose [1ms]
[2022-04-24T09:06:56.090Z] > git config --get commit.template [1ms]
[2022-04-24T09:07:01.104Z] > git symbolic-ref --short HEAD [1ms]
[2022-04-24T09:07:01.112Z] > git for-each-ref --format=%(refname)%00%(upstream:short)%00%(objectname)%00%(upstream:track) refs/heads/master refs/remotes/master [1ms]
[2022-04-24T09:07:01.124Z] > git remote --verbose [1ms]
[2022-04-24T09:07:01.124Z] > git for-each-ref --sort -committerdate --format %(refname) %(objectname) %(*objectname) [7ms]
[2022-04-24T09:07:01.132Z] > git config --get commit.template [1ms]
[2022-04-24T09:09:44.087Z] > git symbolic-ref --short HEAD [1ms]
[2022-04-24T09:09:44.090Z] > git for-each-ref --format=%(refname)%00%(upstream:short)%00%(objectname)%00%(upstream:track) refs/heads/master refs/remotes/master [0ms]
[2022-04-24T09:09:44.096Z] > git for-each-ref --sort -committerdate --format %(refname) %(objectname) %(*objectname) [2ms]
[2022-04-24T09:09:44.097Z] > git remote --verbose [1ms]
[2022-04-24T09:09:44.101Z] > git config --get commit.template [1ms]
