[2022-04-24 16:52:30.333] [exthost] [info] Extension host with pid 24754 started
[2022-04-24 16:52:30.333] [exthost] [info] Skipping acquiring lock for /home/ophis/.config/Code/User/workspaceStorage/cca908dbabbbb0096474b83dbf9efe5d.
[2022-04-24 16:52:30.471] [exthost] [info] ExtensionService#_doActivateExtension matklad.rust-analyzer, startup: false, activationEvent: 'onLanguage:rust'
[2022-04-24 16:52:30.501] [exthost] [info] ExtensionService#_doActivateExtension vscode.microsoft-authentication, startup: false, activationEvent: 'onAuthenticationRequest:microsoft'
[2022-04-24 16:52:30.521] [exthost] [info] ExtensionService#_doActivateExtension vscode.debug-auto-launch, startup: true, activationEvent: '*'
[2022-04-24 16:52:30.524] [exthost] [info] ExtensionService#_doActivateExtension vscode.git-base, startup: true, activationEvent: '*', root cause: vscode.git
[2022-04-24 16:52:30.527] [exthost] [info] ExtensionService#_doActivateExtension vscode.ipynb, startup: true, activationEvent: '*'
[2022-04-24 16:52:30.530] [exthost] [info] ExtensionService#_doActivateExtension asvetliakov.vscode-neovim, startup: true, activationEvent: '*'
[2022-04-24 16:52:30.552] [exthost] [info] ExtensionService#_doActivateExtension mosapride.zenkaku, startup: true, activationEvent: '*'
[2022-04-24 16:52:30.553] [exthost] [info] ExtensionService#_doActivateExtension oderwat.indent-rainbow, startup: true, activationEvent: '*'
[2022-04-24 16:52:30.608] [exthost] [info] ExtensionService#_doActivateExtension vscode.git, startup: true, activationEvent: '*'
[2022-04-24 16:52:30.626] [exthost] [info] ExtensionService#_doActivateExtension vscode.github, startup: true, activationEvent: '*'
[2022-04-24 16:52:30.857] [exthost] [info] ExtensionService#_doActivateExtension vscode.github-authentication, startup: false, activationEvent: 'onAuthenticationRequest:github'
[2022-04-24 16:52:31.012] [exthost] [info] Eager extensions activated
[2022-04-24 16:52:31.034] [exthost] [info] ExtensionService#_doActivateExtension vscode.emmet, startup: false, activationEvent: 'onStartupFinished'
[2022-04-24 16:52:31.039] [exthost] [info] ExtensionService#_doActivateExtension vscode.merge-conflict, startup: false, activationEvent: 'onStartupFinished'
[2022-04-24 16:52:31.040] [exthost] [info] ExtensionService#_doActivateExtension esbenp.prettier-vscode, startup: false, activationEvent: 'onStartupFinished'
[2022-04-24 16:52:47.033] [exthost] [error] [matklad.rust-analyzer] provider FAILED
[2022-04-24 16:52:47.033] [exthost] [error] Error: Failed to spawn "rustfmt" "--edition" "2021"
	at lr (/home/ophis/.vscode/extensions/matklad.rust-analyzer-0.2.1022-linux-x64/out/main.js:4:228)
	at Bn (/home/ophis/.vscode/extensions/matklad.rust-analyzer-0.2.1022-linux-x64/out/main.js:3:6684)
	at Immediate.<anonymous> (/home/ophis/.vscode/extensions/matklad.rust-analyzer-0.2.1022-linux-x64/out/main.js:3:6531)
	at processImmediate (node:internal/timers:464:21)
[2022-04-24 16:53:02.960] [exthost] [info] extension host terminating: renderer closed the socket
[2022-04-24 16:53:02.978] [exthost] [error] Canceled: Canceled
	at Object.N [as canceled] (/opt/vscode/resources/app/out/vs/workbench/api/node/extensionHostProcess.js:5:1172)
	at i._remoteCall (/opt/vscode/resources/app/out/vs/workbench/api/node/extensionHostProcess.js:89:13900)
	at Proxy.p.<computed>.U.charCodeAt.p.<computed> (/opt/vscode/resources/app/out/vs/workbench/api/node/extensionHostProcess.js:89:10296)
	at m._doExecuteCommand (/opt/vscode/resources/app/out/vs/workbench/api/node/extensionHostProcess.js:85:30156)
	at m.executeCommand (/opt/vscode/resources/app/out/vs/workbench/api/node/extensionHostProcess.js:85:29554)
	at Object.executeCommand (/opt/vscode/resources/app/out/vs/workbench/api/node/extensionHostProcess.js:99:31355)
	at Tc (/home/ophis/.vscode/extensions/matklad.rust-analyzer-0.2.1022-linux-x64/out/main.js:39:60194)
	at Object.av (/home/ophis/.vscode/extensions/matklad.rust-analyzer-0.2.1022-linux-x64/out/main.js:85:1592)
	at u._deactivate (/opt/vscode/resources/app/out/vs/workbench/api/node/extensionHostProcess.js:90:11690)
	at /opt/vscode/resources/app/out/vs/workbench/api/node/extensionHostProcess.js:90:10231
	at Array.map (<anonymous>)
	at u.deactivateAll (/opt/vscode/resources/app/out/vs/workbench/api/node/extensionHostProcess.js:90:10218)
	at E.terminate (/opt/vscode/resources/app/out/vs/workbench/api/node/extensionHostProcess.js:94:880)
	at d (/opt/vscode/resources/app/out/vs/workbench/api/node/extensionHostProcess.js:104:36250)
	at Socket.<anonymous> (/opt/vscode/resources/app/out/vs/workbench/api/node/extensionHostProcess.js:104:33946)
	at Socket.emit (node:events:402:35)
	at Pipe.<anonymous> (node:net:687:12)
[2022-04-24 16:53:02.978] [exthost] [info] Extension host with pid 24754 exiting with code 0
