[2022-04-24T07:53:09.433Z] Git の検証が検出されました: git
[2022-04-24T07:53:09.473Z] git から Git 2.35.1 を使用しています
[2022-04-24T07:53:09.488Z] > git rev-parse --git-dir [0ms]
[2022-04-24T07:53:09.492Z] Open repository: /home/ophis/git/atcoder
[2022-04-24T07:53:09.501Z] > git symbolic-ref --short HEAD [0ms]
[2022-04-24T07:53:09.505Z] > git for-each-ref --format=%(refname)%00%(upstream:short)%00%(objectname)%00%(upstream:track) refs/heads/master refs/remotes/master [1ms]
[2022-04-24T07:53:09.512Z] > git remote --verbose [1ms]
[2022-04-24T07:53:09.512Z] > git for-each-ref --sort -committerdate --format %(refname) %(objectname) %(*objectname) [4ms]
[2022-04-24T07:53:09.517Z] > git config --get commit.template [1ms]
[2022-04-24T07:53:10.003Z] > git ls-files --stage -- /home/ophis/git/atcoder/src/main.rs [10ms]
[2022-04-24T07:53:11.213Z] > git symbolic-ref --short HEAD [1ms]
[2022-04-24T07:53:11.218Z] > git for-each-ref --format=%(refname)%00%(upstream:short)%00%(objectname)%00%(upstream:track) refs/heads/master refs/remotes/master [1ms]
[2022-04-24T07:53:11.224Z] > git remote --verbose [1ms]
[2022-04-24T07:53:11.224Z] > git for-each-ref --sort -committerdate --format %(refname) %(objectname) %(*objectname) [3ms]
[2022-04-24T07:53:11.229Z] > git config --get commit.template [1ms]
[2022-04-24T07:53:44.820Z] > git symbolic-ref --short HEAD [1ms]
[2022-04-24T07:53:44.823Z] > git for-each-ref --format=%(refname)%00%(upstream:short)%00%(objectname)%00%(upstream:track) refs/heads/master refs/remotes/master [1ms]
[2022-04-24T07:53:44.829Z] > git for-each-ref --sort -committerdate --format %(refname) %(objectname) %(*objectname) [3ms]
[2022-04-24T07:53:44.829Z] > git remote --verbose [1ms]
[2022-04-24T07:53:44.834Z] > git config --get commit.template [0ms]
[2022-04-24T07:54:52.185Z] > git symbolic-ref --short HEAD [1ms]
[2022-04-24T07:54:52.188Z] > git for-each-ref --format=%(refname)%00%(upstream:short)%00%(objectname)%00%(upstream:track) refs/heads/master refs/remotes/master [0ms]
[2022-04-24T07:54:52.194Z] > git for-each-ref --sort -committerdate --format %(refname) %(objectname) %(*objectname) [3ms]
[2022-04-24T07:54:52.194Z] > git remote --verbose [1ms]
[2022-04-24T07:54:52.198Z] > git config --get commit.template [1ms]
[2022-04-24T07:58:48.320Z] > git symbolic-ref --short HEAD [1ms]
[2022-04-24T07:58:48.331Z] > git for-each-ref --format=%(refname)%00%(upstream:short)%00%(objectname)%00%(upstream:track) refs/heads/master refs/remotes/master [0ms]
[2022-04-24T07:58:48.348Z] > git remote --verbose [5ms]
[2022-04-24T07:58:48.348Z] > git for-each-ref --sort -committerdate --format %(refname) %(objectname) %(*objectname) [11ms]
[2022-04-24T07:58:48.355Z] > git config --get commit.template [1ms]
[2022-04-24T07:58:53.365Z] > git symbolic-ref --short HEAD [1ms]
[2022-04-24T07:58:53.369Z] > git for-each-ref --format=%(refname)%00%(upstream:short)%00%(objectname)%00%(upstream:track) refs/heads/master refs/remotes/master [0ms]
[2022-04-24T07:58:53.379Z] > git remote --verbose [0ms]
[2022-04-24T07:58:53.379Z] > git for-each-ref --sort -committerdate --format %(refname) %(objectname) %(*objectname) [6ms]
[2022-04-24T07:58:53.385Z] > git config --get commit.template [0ms]
[2022-04-24T08:01:35.559Z] > git symbolic-ref --short HEAD [1ms]
[2022-04-24T08:01:35.564Z] > git for-each-ref --format=%(refname)%00%(upstream:short)%00%(objectname)%00%(upstream:track) refs/heads/master refs/remotes/master [1ms]
[2022-04-24T08:01:35.572Z] > git for-each-ref --sort -committerdate --format %(refname) %(objectname) %(*objectname) [4ms]
[2022-04-24T08:01:35.572Z] > git remote --verbose [1ms]
[2022-04-24T08:01:35.579Z] > git config --get commit.template [1ms]
[2022-04-24T08:01:40.590Z] > git symbolic-ref --short HEAD [1ms]
[2022-04-24T08:01:40.595Z] > git for-each-ref --format=%(refname)%00%(upstream:short)%00%(objectname)%00%(upstream:track) refs/heads/master refs/remotes/master [1ms]
[2022-04-24T08:01:40.603Z] > git for-each-ref --sort -committerdate --format %(refname) %(objectname) %(*objectname) [4ms]
[2022-04-24T08:01:40.603Z] > git remote --verbose [1ms]
[2022-04-24T08:01:40.609Z] > git config --get commit.template [0ms]
[2022-04-24T08:02:07.432Z] > git symbolic-ref --short HEAD [1ms]
[2022-04-24T08:02:07.439Z] > git for-each-ref --format=%(refname)%00%(upstream:short)%00%(objectname)%00%(upstream:track) refs/heads/master refs/remotes/master [3ms]
[2022-04-24T08:02:07.448Z] > git for-each-ref --sort -committerdate --format %(refname) %(objectname) %(*objectname) [5ms]
[2022-04-24T08:02:07.450Z] > git remote --verbose [2ms]
[2022-04-24T08:02:07.455Z] > git config --get commit.template [1ms]
[2022-04-24T08:02:13.959Z] > git symbolic-ref --short HEAD [1ms]
[2022-04-24T08:02:13.963Z] > git for-each-ref --format=%(refname)%00%(upstream:short)%00%(objectname)%00%(upstream:track) refs/heads/master refs/remotes/master [0ms]
[2022-04-24T08:02:13.972Z] > git for-each-ref --sort -committerdate --format %(refname) %(objectname) %(*objectname) [5ms]
[2022-04-24T08:02:13.972Z] > git remote --verbose [1ms]
[2022-04-24T08:02:13.979Z] > git config --get commit.template [1ms]
[2022-04-24T08:02:47.202Z] > git symbolic-ref --short HEAD [0ms]
[2022-04-24T08:02:47.210Z] > git for-each-ref --format=%(refname)%00%(upstream:short)%00%(objectname)%00%(upstream:track) refs/heads/master refs/remotes/master [3ms]
[2022-04-24T08:02:47.223Z] > git for-each-ref --sort -committerdate --format %(refname) %(objectname) %(*objectname) [4ms]
[2022-04-24T08:02:47.224Z] > git remote --verbose [1ms]
[2022-04-24T08:02:47.230Z] > git config --get commit.template [2ms]
[2022-04-24T08:08:59.754Z] > git symbolic-ref --short HEAD [1ms]
[2022-04-24T08:08:59.760Z] > git for-each-ref --format=%(refname)%00%(upstream:short)%00%(objectname)%00%(upstream:track) refs/heads/master refs/remotes/master [0ms]
[2022-04-24T08:08:59.771Z] > git remote --verbose [1ms]
[2022-04-24T08:08:59.771Z] > git for-each-ref --sort -committerdate --format %(refname) %(objectname) %(*objectname) [6ms]
[2022-04-24T08:08:59.778Z] > git config --get commit.template [0ms]
[2022-04-24T08:09:05.169Z] > git symbolic-ref --short HEAD [1ms]
[2022-04-24T08:09:05.174Z] > git for-each-ref --format=%(refname)%00%(upstream:short)%00%(objectname)%00%(upstream:track) refs/heads/master refs/remotes/master [1ms]
[2022-04-24T08:09:05.183Z] > git for-each-ref --sort -committerdate --format %(refname) %(objectname) %(*objectname) [4ms]
[2022-04-24T08:09:05.183Z] > git remote --verbose [0ms]
[2022-04-24T08:09:05.190Z] > git config --get commit.template [1ms]
[2022-04-24T08:09:16.444Z] > git symbolic-ref --short HEAD [1ms]
[2022-04-24T08:09:16.449Z] > git for-each-ref --format=%(refname)%00%(upstream:short)%00%(objectname)%00%(upstream:track) refs/heads/master refs/remotes/master [0ms]
[2022-04-24T08:09:16.459Z] > git for-each-ref --sort -committerdate --format %(refname) %(objectname) %(*objectname) [5ms]
[2022-04-24T08:09:16.459Z] > git remote --verbose [0ms]
[2022-04-24T08:09:16.466Z] > git config --get commit.template [1ms]
[2022-04-24T08:16:19.957Z] > git symbolic-ref --short HEAD [1ms]
[2022-04-24T08:16:19.962Z] > git for-each-ref --format=%(refname)%00%(upstream:short)%00%(objectname)%00%(upstream:track) refs/heads/master refs/remotes/master [1ms]
[2022-04-24T08:16:19.973Z] > git remote --verbose [1ms]
[2022-04-24T08:16:19.973Z] > git for-each-ref --sort -committerdate --format %(refname) %(objectname) %(*objectname) [5ms]
[2022-04-24T08:16:19.980Z] > git config --get commit.template [0ms]
[2022-04-24T08:16:57.604Z] > git symbolic-ref --short HEAD [1ms]
[2022-04-24T08:16:57.609Z] > git for-each-ref --format=%(refname)%00%(upstream:short)%00%(objectname)%00%(upstream:track) refs/heads/master refs/remotes/master [1ms]
[2022-04-24T08:16:57.619Z] > git for-each-ref --sort -committerdate --format %(refname) %(objectname) %(*objectname) [5ms]
[2022-04-24T08:16:57.619Z] > git remote --verbose [1ms]
[2022-04-24T08:16:57.624Z] > git config --get commit.template [0ms]
[2022-04-24T08:18:52.802Z] > git symbolic-ref --short HEAD [1ms]
[2022-04-24T08:18:52.807Z] > git for-each-ref --format=%(refname)%00%(upstream:short)%00%(objectname)%00%(upstream:track) refs/heads/master refs/remotes/master [1ms]
[2022-04-24T08:18:52.817Z] > git remote --verbose [2ms]
[2022-04-24T08:18:52.817Z] > git for-each-ref --sort -committerdate --format %(refname) %(objectname) %(*objectname) [5ms]
[2022-04-24T08:18:52.823Z] > git config --get commit.template [1ms]
[2022-04-24T08:19:04.967Z] > git symbolic-ref --short HEAD [1ms]
[2022-04-24T08:19:04.976Z] > git for-each-ref --format=%(refname)%00%(upstream:short)%00%(objectname)%00%(upstream:track) refs/heads/master refs/remotes/master [1ms]
[2022-04-24T08:19:04.986Z] > git for-each-ref --sort -committerdate --format %(refname) %(objectname) %(*objectname) [5ms]
[2022-04-24T08:19:04.988Z] > git remote --verbose [2ms]
[2022-04-24T08:19:05.005Z] > git config --get commit.template [2ms]
[2022-04-24T08:19:10.492Z] > git symbolic-ref --short HEAD [1ms]
[2022-04-24T08:19:10.497Z] > git for-each-ref --format=%(refname)%00%(upstream:short)%00%(objectname)%00%(upstream:track) refs/heads/master refs/remotes/master [1ms]
[2022-04-24T08:19:10.507Z] > git for-each-ref --sort -committerdate --format %(refname) %(objectname) %(*objectname) [5ms]
[2022-04-24T08:19:10.507Z] > git remote --verbose [1ms]
[2022-04-24T08:19:10.513Z] > git config --get commit.template [1ms]
[2022-04-24T08:26:33.997Z] > git symbolic-ref --short HEAD [4ms]
[2022-04-24T08:26:34.003Z] > git for-each-ref --format=%(refname)%00%(upstream:short)%00%(objectname)%00%(upstream:track) refs/heads/master refs/remotes/master [1ms]
[2022-04-24T08:26:34.015Z] > git for-each-ref --sort -committerdate --format %(refname) %(objectname) %(*objectname) [7ms]
[2022-04-24T08:26:34.015Z] > git remote --verbose [2ms]
[2022-04-24T08:26:34.024Z] > git config --get commit.template [1ms]
[2022-04-24T08:27:14.130Z] > git symbolic-ref --short HEAD [1ms]
[2022-04-24T08:27:14.136Z] > git for-each-ref --format=%(refname)%00%(upstream:short)%00%(objectname)%00%(upstream:track) refs/heads/master refs/remotes/master [1ms]
[2022-04-24T08:27:14.146Z] > git for-each-ref --sort -committerdate --format %(refname) %(objectname) %(*objectname) [6ms]
[2022-04-24T08:27:14.146Z] > git remote --verbose [1ms]
[2022-04-24T08:27:14.152Z] > git config --get commit.template [1ms]
[2022-04-24T08:27:29.887Z] > git symbolic-ref --short HEAD [2ms]
[2022-04-24T08:27:29.899Z] > git for-each-ref --format=%(refname)%00%(upstream:short)%00%(objectname)%00%(upstream:track) refs/heads/master refs/remotes/master [3ms]
[2022-04-24T08:27:29.911Z] > git remote --verbose [0ms]
[2022-04-24T08:27:29.911Z] > git for-each-ref --sort -committerdate --format %(refname) %(objectname) %(*objectname) [8ms]
[2022-04-24T08:27:29.930Z] > git config --get commit.template [1ms]
[2022-04-24T08:28:53.049Z] > git symbolic-ref --short HEAD [1ms]
[2022-04-24T08:28:53.056Z] > git for-each-ref --format=%(refname)%00%(upstream:short)%00%(objectname)%00%(upstream:track) refs/heads/master refs/remotes/master [1ms]
[2022-04-24T08:28:53.072Z] > git remote --verbose [1ms]
[2022-04-24T08:28:53.072Z] > git for-each-ref --sort -committerdate --format %(refname) %(objectname) %(*objectname) [8ms]
[2022-04-24T08:28:53.079Z] > git config --get commit.template [1ms]
[2022-04-24T08:31:03.404Z] > git symbolic-ref --short HEAD [1ms]
[2022-04-24T08:31:03.412Z] > git for-each-ref --format=%(refname)%00%(upstream:short)%00%(objectname)%00%(upstream:track) refs/heads/master refs/remotes/master [3ms]
[2022-04-24T08:31:03.428Z] > git remote --verbose [1ms]
[2022-04-24T08:31:03.428Z] > git for-each-ref --sort -committerdate --format %(refname) %(objectname) %(*objectname) [9ms]
[2022-04-24T08:31:03.435Z] > git config --get commit.template [2ms]
[2022-04-24T08:31:08.449Z] > git symbolic-ref --short HEAD [2ms]
[2022-04-24T08:31:08.455Z] > git for-each-ref --format=%(refname)%00%(upstream:short)%00%(objectname)%00%(upstream:track) refs/heads/master refs/remotes/master [1ms]
[2022-04-24T08:31:08.466Z] > git for-each-ref --sort -committerdate --format %(refname) %(objectname) %(*objectname) [6ms]
[2022-04-24T08:31:08.467Z] > git remote --verbose [1ms]
[2022-04-24T08:31:08.474Z] > git config --get commit.template [2ms]
[2022-04-24T08:31:15.378Z] > git symbolic-ref --short HEAD [1ms]
[2022-04-24T08:31:15.384Z] > git for-each-ref --format=%(refname)%00%(upstream:short)%00%(objectname)%00%(upstream:track) refs/heads/master refs/remotes/master [0ms]
[2022-04-24T08:31:15.396Z] > git for-each-ref --sort -committerdate --format %(refname) %(objectname) %(*objectname) [5ms]
[2022-04-24T08:31:15.396Z] > git remote --verbose [1ms]
[2022-04-24T08:31:15.404Z] > git config --get commit.template [0ms]
[2022-04-24T08:33:13.091Z] > git symbolic-ref --short HEAD [1ms]
[2022-04-24T08:33:13.097Z] > git for-each-ref --format=%(refname)%00%(upstream:short)%00%(objectname)%00%(upstream:track) refs/heads/master refs/remotes/master [1ms]
[2022-04-24T08:33:13.108Z] > git remote --verbose [1ms]
[2022-04-24T08:33:13.108Z] > git for-each-ref --sort -committerdate --format %(refname) %(objectname) %(*objectname) [6ms]
[2022-04-24T08:33:13.115Z] > git config --get commit.template [1ms]
[2022-04-24T08:33:23.657Z] > git symbolic-ref --short HEAD [0ms]
[2022-04-24T08:33:23.663Z] > git for-each-ref --format=%(refname)%00%(upstream:short)%00%(objectname)%00%(upstream:track) refs/heads/master refs/remotes/master [1ms]
[2022-04-24T08:33:23.673Z] > git remote --verbose [0ms]
[2022-04-24T08:33:23.674Z] > git for-each-ref --sort -committerdate --format %(refname) %(objectname) %(*objectname) [6ms]
[2022-04-24T08:33:23.682Z] > git config --get commit.template [2ms]
[2022-04-24T08:33:47.433Z] > git symbolic-ref --short HEAD [0ms]
[2022-04-24T08:33:47.439Z] > git for-each-ref --format=%(refname)%00%(upstream:short)%00%(objectname)%00%(upstream:track) refs/heads/master refs/remotes/master [1ms]
[2022-04-24T08:33:47.448Z] > git for-each-ref --sort -committerdate --format %(refname) %(objectname) %(*objectname) [5ms]
[2022-04-24T08:33:47.449Z] > git remote --verbose [1ms]
[2022-04-24T08:33:47.455Z] > git config --get commit.template [1ms]
[2022-04-24T08:40:39.800Z] > git symbolic-ref --short HEAD [1ms]
[2022-04-24T08:40:39.806Z] > git for-each-ref --format=%(refname)%00%(upstream:short)%00%(objectname)%00%(upstream:track) refs/heads/master refs/remotes/master [1ms]
[2022-04-24T08:40:39.824Z] > git remote --verbose [5ms]
[2022-04-24T08:40:39.825Z] > git for-each-ref --sort -committerdate --format %(refname) %(objectname) %(*objectname) [14ms]
[2022-04-24T08:40:39.834Z] > git config --get commit.template [0ms]
[2022-04-24T08:41:04.942Z] > git symbolic-ref --short HEAD [1ms]
[2022-04-24T08:41:04.947Z] > git for-each-ref --format=%(refname)%00%(upstream:short)%00%(objectname)%00%(upstream:track) refs/heads/master refs/remotes/master [1ms]
[2022-04-24T08:41:04.958Z] > git for-each-ref --sort -committerdate --format %(refname) %(objectname) %(*objectname) [6ms]
[2022-04-24T08:41:04.959Z] > git remote --verbose [2ms]
[2022-04-24T08:41:04.966Z] > git config --get commit.template [2ms]
[2022-04-24T08:41:16.083Z] > git symbolic-ref --short HEAD [1ms]
[2022-04-24T08:41:16.089Z] > git for-each-ref --format=%(refname)%00%(upstream:short)%00%(objectname)%00%(upstream:track) refs/heads/master refs/remotes/master [1ms]
[2022-04-24T08:41:16.099Z] > git for-each-ref --sort -committerdate --format %(refname) %(objectname) %(*objectname) [6ms]
[2022-04-24T08:41:16.099Z] > git remote --verbose [1ms]
[2022-04-24T08:41:16.105Z] > git config --get commit.template [1ms]
