[2022-04-24 18:06:53.807] [exthost] [info] Extension host with pid 5897 started
[2022-04-24 18:06:53.807] [exthost] [info] Skipping acquiring lock for /home/ophis/.config/Code/User/workspaceStorage/cca908dbabbbb0096474b83dbf9efe5d.
[2022-04-24 18:06:53.896] [exthost] [info] ExtensionService#_doActivateExtension matklad.rust-analyzer, startup: false, activationEvent: 'onLanguage:rust'
[2022-04-24 18:06:53.931] [exthost] [info] ExtensionService#_doActivateExtension vscode.microsoft-authentication, startup: false, activationEvent: 'onAuthenticationRequest:microsoft'
[2022-04-24 18:06:53.943] [exthost] [info] ExtensionService#_doActivateExtension vscode.debug-auto-launch, startup: true, activationEvent: '*'
[2022-04-24 18:06:53.944] [exthost] [info] ExtensionService#_doActivateExtension vscode.git-base, startup: true, activationEvent: '*', root cause: vscode.git
[2022-04-24 18:06:53.946] [exthost] [info] ExtensionService#_doActivateExtension vscode.ipynb, startup: true, activationEvent: '*'
[2022-04-24 18:06:53.948] [exthost] [info] ExtensionService#_doActivateExtension asvetliakov.vscode-neovim, startup: true, activationEvent: '*'
[2022-04-24 18:06:53.961] [exthost] [info] ExtensionService#_doActivateExtension mosapride.zenkaku, startup: true, activationEvent: '*'
[2022-04-24 18:06:53.962] [exthost] [info] ExtensionService#_doActivateExtension oderwat.indent-rainbow, startup: true, activationEvent: '*'
[2022-04-24 18:06:54.081] [exthost] [info] ExtensionService#_doActivateExtension vscode.git, startup: true, activationEvent: '*'
[2022-04-24 18:06:54.105] [exthost] [info] ExtensionService#_doActivateExtension vscode.github, startup: true, activationEvent: '*'
[2022-04-24 18:06:54.212] [exthost] [info] Eager extensions activated
[2022-04-24 18:06:54.622] [exthost] [info] ExtensionService#_doActivateExtension vscode.emmet, startup: false, activationEvent: 'onStartupFinished'
[2022-04-24 18:06:54.626] [exthost] [info] ExtensionService#_doActivateExtension vscode.merge-conflict, startup: false, activationEvent: 'onStartupFinished'
[2022-04-24 18:06:54.627] [exthost] [info] ExtensionService#_doActivateExtension esbenp.prettier-vscode, startup: false, activationEvent: 'onStartupFinished'
[2022-04-24 18:06:54.664] [exthost] [info] ExtensionService#_doActivateExtension vscode.github-authentication, startup: false, activationEvent: 'onAuthenticationRequest:github'
[2022-04-24 18:06:58.735] [exthost] [error] [matklad.rust-analyzer] provider FAILED
[2022-04-24 18:06:58.736] [exthost] [error] Error: Failed to spawn "rustfmt" "--edition" "2021"
	at lr (/home/ophis/.vscode/extensions/matklad.rust-analyzer-0.2.1022-linux-x64/out/main.js:4:228)
	at Bn (/home/ophis/.vscode/extensions/matklad.rust-analyzer-0.2.1022-linux-x64/out/main.js:3:6684)
	at Immediate.<anonymous> (/home/ophis/.vscode/extensions/matklad.rust-analyzer-0.2.1022-linux-x64/out/main.js:3:6531)
	at processImmediate (node:internal/timers:464:21)
[2022-04-24 18:09:42.857] [exthost] [error] [matklad.rust-analyzer] provider FAILED
[2022-04-24 18:09:42.857] [exthost] [error] Error: Failed to spawn "rustfmt" "--edition" "2021"
	at lr (/home/ophis/.vscode/extensions/matklad.rust-analyzer-0.2.1022-linux-x64/out/main.js:4:228)
	at Bn (/home/ophis/.vscode/extensions/matklad.rust-analyzer-0.2.1022-linux-x64/out/main.js:3:6684)
	at Immediate.<anonymous> (/home/ophis/.vscode/extensions/matklad.rust-analyzer-0.2.1022-linux-x64/out/main.js:3:6531)
	at processImmediate (node:internal/timers:464:21)
[2022-04-24 18:09:52.562] [exthost] [info] extension host terminating: renderer closed the socket
[2022-04-24 18:09:52.592] [exthost] [error] Canceled: Canceled
	at Object.N [as canceled] (/opt/vscode/resources/app/out/vs/workbench/api/node/extensionHostProcess.js:5:1172)
	at i._remoteCall (/opt/vscode/resources/app/out/vs/workbench/api/node/extensionHostProcess.js:89:13900)
	at Proxy.p.<computed>.U.charCodeAt.p.<computed> (/opt/vscode/resources/app/out/vs/workbench/api/node/extensionHostProcess.js:89:10296)
	at m._doExecuteCommand (/opt/vscode/resources/app/out/vs/workbench/api/node/extensionHostProcess.js:85:30156)
	at m.executeCommand (/opt/vscode/resources/app/out/vs/workbench/api/node/extensionHostProcess.js:85:29554)
	at Object.executeCommand (/opt/vscode/resources/app/out/vs/workbench/api/node/extensionHostProcess.js:99:31355)
	at Tc (/home/ophis/.vscode/extensions/matklad.rust-analyzer-0.2.1022-linux-x64/out/main.js:39:60194)
	at Object.av (/home/ophis/.vscode/extensions/matklad.rust-analyzer-0.2.1022-linux-x64/out/main.js:85:1592)
	at u._deactivate (/opt/vscode/resources/app/out/vs/workbench/api/node/extensionHostProcess.js:90:11690)
	at /opt/vscode/resources/app/out/vs/workbench/api/node/extensionHostProcess.js:90:10231
	at Array.map (<anonymous>)
	at u.deactivateAll (/opt/vscode/resources/app/out/vs/workbench/api/node/extensionHostProcess.js:90:10218)
	at E.terminate (/opt/vscode/resources/app/out/vs/workbench/api/node/extensionHostProcess.js:94:880)
	at d (/opt/vscode/resources/app/out/vs/workbench/api/node/extensionHostProcess.js:104:36250)
	at Socket.<anonymous> (/opt/vscode/resources/app/out/vs/workbench/api/node/extensionHostProcess.js:104:33946)
	at Socket.emit (node:events:402:35)
	at Pipe.<anonymous> (node:net:687:12)
[2022-04-24 18:09:52.592] [exthost] [info] Extension host with pid 5897 exiting with code 0
[2022-04-24 18:09:53.860] [exthost] [info] Extension host with pid 6672 started
[2022-04-24 18:09:53.860] [exthost] [info] Skipping acquiring lock for /home/ophis/.config/Code/User/workspaceStorage/cca908dbabbbb0096474b83dbf9efe5d.
[2022-04-24 18:09:53.959] [exthost] [info] ExtensionService#_doActivateExtension vscode.microsoft-authentication, startup: false, activationEvent: 'onAuthenticationRequest:microsoft'
[2022-04-24 18:09:53.971] [exthost] [info] ExtensionService#_doActivateExtension vscode.debug-auto-launch, startup: true, activationEvent: '*'
[2022-04-24 18:09:53.973] [exthost] [info] ExtensionService#_doActivateExtension vscode.git-base, startup: true, activationEvent: '*', root cause: vscode.git
[2022-04-24 18:09:53.974] [exthost] [info] ExtensionService#_doActivateExtension vscode.ipynb, startup: true, activationEvent: '*'
[2022-04-24 18:09:53.976] [exthost] [info] ExtensionService#_doActivateExtension asvetliakov.vscode-neovim, startup: true, activationEvent: '*'
[2022-04-24 18:09:53.985] [exthost] [info] ExtensionService#_doActivateExtension mosapride.zenkaku, startup: true, activationEvent: '*'
[2022-04-24 18:09:53.985] [exthost] [info] ExtensionService#_doActivateExtension oderwat.indent-rainbow, startup: true, activationEvent: '*'
[2022-04-24 18:09:54.011] [exthost] [info] ExtensionService#_doActivateExtension vscode.git, startup: true, activationEvent: '*'
[2022-04-24 18:09:54.024] [exthost] [info] ExtensionService#_doActivateExtension vscode.github, startup: true, activationEvent: '*'
[2022-04-24 18:09:54.089] [exthost] [info] ExtensionService#_doActivateExtension vscode.github-authentication, startup: false, activationEvent: 'onAuthenticationRequest:github'
[2022-04-24 18:09:54.188] [exthost] [info] Eager extensions activated
[2022-04-24 18:09:54.189] [exthost] [info] ExtensionService#_doActivateExtension vscode.emmet, startup: false, activationEvent: 'onStartupFinished'
[2022-04-24 18:09:54.193] [exthost] [info] ExtensionService#_doActivateExtension vscode.merge-conflict, startup: false, activationEvent: 'onStartupFinished'
[2022-04-24 18:09:54.194] [exthost] [info] ExtensionService#_doActivateExtension esbenp.prettier-vscode, startup: false, activationEvent: 'onStartupFinished'
[2022-04-24 18:10:00.582] [exthost] [info] ExtensionService#_doActivateExtension matklad.rust-analyzer, startup: false, activationEvent: 'onLanguage:rust'
[2022-04-24 18:12:08.760] [exthost] [error] [matklad.rust-analyzer] provider FAILED
[2022-04-24 18:12:08.764] [exthost] [error] Error: Failed to spawn "rustfmt" "--edition" "2021"
	at lr (/home/ophis/.vscode/extensions/matklad.rust-analyzer-0.2.1022-linux-x64/out/main.js:4:228)
	at Bn (/home/ophis/.vscode/extensions/matklad.rust-analyzer-0.2.1022-linux-x64/out/main.js:3:6684)
	at Immediate.<anonymous> (/home/ophis/.vscode/extensions/matklad.rust-analyzer-0.2.1022-linux-x64/out/main.js:3:6531)
	at processImmediate (node:internal/timers:464:21)
[2022-04-24 18:12:45.515] [exthost] [error] [matklad.rust-analyzer] provider FAILED
[2022-04-24 18:12:45.515] [exthost] [error] Error: Failed to spawn "rustfmt" "--edition" "2021"
	at lr (/home/ophis/.vscode/extensions/matklad.rust-analyzer-0.2.1022-linux-x64/out/main.js:4:228)
	at Bn (/home/ophis/.vscode/extensions/matklad.rust-analyzer-0.2.1022-linux-x64/out/main.js:3:6684)
	at Immediate.<anonymous> (/home/ophis/.vscode/extensions/matklad.rust-analyzer-0.2.1022-linux-x64/out/main.js:3:6531)
	at processImmediate (node:internal/timers:464:21)
[2022-04-24 18:17:07.485] [exthost] [error] [matklad.rust-analyzer] provider FAILED
[2022-04-24 18:17:07.486] [exthost] [error] Error: Failed to spawn "rustfmt" "--edition" "2021"
	at lr (/home/ophis/.vscode/extensions/matklad.rust-analyzer-0.2.1022-linux-x64/out/main.js:4:228)
	at Bn (/home/ophis/.vscode/extensions/matklad.rust-analyzer-0.2.1022-linux-x64/out/main.js:3:6684)
	at Immediate.<anonymous> (/home/ophis/.vscode/extensions/matklad.rust-analyzer-0.2.1022-linux-x64/out/main.js:3:6531)
	at processImmediate (node:internal/timers:464:21)
[2022-04-24 18:17:13.188] [exthost] [info] ExtensionService#_doActivateExtension vscode.configuration-editing, startup: false, activationEvent: 'onLanguage:jsonc'
[2022-04-24 18:17:13.192] [exthost] [info] ExtensionService#_doActivateExtension vscode.json-language-features, startup: false, activationEvent: 'onLanguage:jsonc'
[2022-04-24 18:17:13.203] [exthost] [info] ExtensionService#_doActivateExtension vscode.typescript-language-features, startup: false, activationEvent: 'onLanguage:jsonc'
[2022-04-24 18:17:34.709] [exthost] [error] [matklad.rust-analyzer] provider FAILED
[2022-04-24 18:17:34.710] [exthost] [error] Error: Failed to spawn "rustfmt" "--edition" "2021"
	at lr (/home/ophis/.vscode/extensions/matklad.rust-analyzer-0.2.1022-linux-x64/out/main.js:4:228)
	at Bn (/home/ophis/.vscode/extensions/matklad.rust-analyzer-0.2.1022-linux-x64/out/main.js:3:6684)
	at Immediate.<anonymous> (/home/ophis/.vscode/extensions/matklad.rust-analyzer-0.2.1022-linux-x64/out/main.js:3:6531)
	at processImmediate (node:internal/timers:464:21)
[2022-04-24 18:18:20.873] [exthost] [info] extension host terminating: renderer closed the socket
[2022-04-24 18:18:20.882] [exthost] [error] Canceled: Canceled
	at Object.N [as canceled] (/opt/vscode/resources/app/out/vs/workbench/api/node/extensionHostProcess.js:5:1172)
	at i._remoteCall (/opt/vscode/resources/app/out/vs/workbench/api/node/extensionHostProcess.js:89:13900)
	at Proxy.p.<computed>.U.charCodeAt.p.<computed> (/opt/vscode/resources/app/out/vs/workbench/api/node/extensionHostProcess.js:89:10296)
	at m._doExecuteCommand (/opt/vscode/resources/app/out/vs/workbench/api/node/extensionHostProcess.js:85:30156)
	at m.executeCommand (/opt/vscode/resources/app/out/vs/workbench/api/node/extensionHostProcess.js:85:29554)
	at Object.executeCommand (/opt/vscode/resources/app/out/vs/workbench/api/node/extensionHostProcess.js:99:31355)
	at Tc (/home/ophis/.vscode/extensions/matklad.rust-analyzer-0.2.1022-linux-x64/out/main.js:39:60194)
	at Object.av (/home/ophis/.vscode/extensions/matklad.rust-analyzer-0.2.1022-linux-x64/out/main.js:85:1592)
	at u._deactivate (/opt/vscode/resources/app/out/vs/workbench/api/node/extensionHostProcess.js:90:11690)
	at /opt/vscode/resources/app/out/vs/workbench/api/node/extensionHostProcess.js:90:10231
	at Array.map (<anonymous>)
	at u.deactivateAll (/opt/vscode/resources/app/out/vs/workbench/api/node/extensionHostProcess.js:90:10218)
	at E.terminate (/opt/vscode/resources/app/out/vs/workbench/api/node/extensionHostProcess.js:94:880)
	at d (/opt/vscode/resources/app/out/vs/workbench/api/node/extensionHostProcess.js:104:36250)
	at Socket.<anonymous> (/opt/vscode/resources/app/out/vs/workbench/api/node/extensionHostProcess.js:104:33946)
	at Socket.emit (node:events:402:35)
	at Pipe.<anonymous> (node:net:687:12)
[2022-04-24 18:18:20.882] [exthost] [info] Extension host with pid 6672 exiting with code 0
