[2022-04-24 16:53:08.707] [renderer1] [info] Ignoring configured affinity for 'pub.name' because the extension is unknown or cannot execute.
[2022-04-24 16:53:08.976] [renderer1] [info] Ignoring configured affinity for 'pub.name' because the extension is unknown or cannot execute.
[2022-04-24 16:53:09.465] [renderer1] [warning] [File Watcher (node.js)] correcting a path to watch that seems to be a symbolic link or wrong casing (original: /home/ophis/.config/Code/User, real: /home/ophis/dotfiles/rc/.config/Code/User)
[2022-04-24 16:53:09.465] [renderer1] [warning] [File Watcher (node.js)] correcting a path to watch that seems to be a symbolic link or wrong casing (original: /home/ophis/.config/Code/User/settings.json, real: /home/ophis/dotfiles/rc/.config/Code/User/settings.json)
[2022-04-24 16:53:09.466] [renderer1] [warning] [File Watcher (node.js)] correcting a path to watch that seems to be a symbolic link or wrong casing (original: /home/ophis/.config/Code/User/keybindings.json, real: /home/ophis/dotfiles/rc/.config/Code/User/keybindings.json)
[2022-04-24 16:53:10.053] [renderer1] [warning] [File Watcher (node.js)] correcting a path to watch that seems to be a symbolic link or wrong casing (original: /home/ophis/.config/Code/User/snippets, real: /home/ophis/dotfiles/rc/.config/Code/User/snippets)
[2022-04-24 16:54:50.928] [renderer1] [warning] {"name":"Error","message":"Failed to spawn \"rustfmt\" \"--edition\" \"2021\""}
[2022-04-24 16:57:20.095] [renderer1] [warning] {"name":"Error","message":"Failed to spawn \"rustfmt\" \"--edition\" \"2021\""}
[2022-04-24 16:58:22.640] [renderer1] [warning] {"name":"Error","message":"Failed to spawn \"rustfmt\" \"--edition\" \"2021\""}
[2022-04-24 16:58:39.088] [renderer1] [warning] {"name":"Error","message":"Failed to spawn \"rustfmt\" \"--edition\" \"2021\""}
[2022-04-24 17:01:34.294] [renderer1] [warning] {"name":"Error","message":"Failed to spawn \"rustfmt\" \"--edition\" \"2021\""}
[2022-04-24 17:01:36.521] [renderer1] [warning] {"name":"Error","message":"Failed to spawn \"rustfmt\" \"--edition\" \"2021\""}
[2022-04-24 17:02:06.088] [renderer1] [warning] {"name":"Error","message":"Failed to spawn \"rustfmt\" \"--edition\" \"2021\""}
[2022-04-24 17:08:58.478] [renderer1] [warning] {"name":"Error","message":"Failed to spawn \"rustfmt\" \"--edition\" \"2021\""}
[2022-04-24 17:09:03.902] [renderer1] [warning] {"name":"Error","message":"Failed to spawn \"rustfmt\" \"--edition\" \"2021\""}
[2022-04-24 17:09:15.210] [renderer1] [warning] {"name":"Error","message":"Failed to spawn \"rustfmt\" \"--edition\" \"2021\""}
[2022-04-24 17:16:18.694] [renderer1] [warning] {"name":"Error","message":"Failed to spawn \"rustfmt\" \"--edition\" \"2021\""}
[2022-04-24 17:16:56.341] [renderer1] [warning] {"name":"Error","message":"Failed to spawn \"rustfmt\" \"--edition\" \"2021\""}
[2022-04-24 17:18:51.477] [renderer1] [warning] {"name":"Error","message":"Failed to spawn \"rustfmt\" \"--edition\" \"2021\""}
[2022-04-24 17:19:03.668] [renderer1] [warning] {"name":"Error","message":"Failed to spawn \"rustfmt\" \"--edition\" \"2021\""}
[2022-04-24 17:26:32.731] [renderer1] [warning] {"name":"Error","message":"Failed to spawn \"rustfmt\" \"--edition\" \"2021\""}
[2022-04-24 17:27:12.840] [renderer1] [warning] {"name":"Error","message":"Failed to spawn \"rustfmt\" \"--edition\" \"2021\""}
[2022-04-24 17:27:28.566] [renderer1] [warning] {"name":"Error","message":"Failed to spawn \"rustfmt\" \"--edition\" \"2021\""}
[2022-04-24 17:28:51.748] [renderer1] [warning] {"name":"Error","message":"Failed to spawn \"rustfmt\" \"--edition\" \"2021\""}
[2022-04-24 17:29:22.630] [renderer1] [warning] {"name":"Error","message":"Failed to spawn \"rustfmt\" \"--edition\" \"2021\""}
[2022-04-24 17:29:59.195] [renderer1] [warning] {"name":"Error","message":"Failed to spawn \"rustfmt\" \"--edition\" \"2021\""}
[2022-04-24 17:30:04.988] [renderer1] [warning] {"name":"Error","message":"Failed to spawn \"rustfmt\" \"--edition\" \"2021\""}
[2022-04-24 17:30:10.708] [renderer1] [warning] {"name":"Error","message":"Failed to spawn \"rustfmt\" \"--edition\" \"2021\""}
[2022-04-24 17:30:16.891] [renderer1] [warning] {"name":"Error","message":"Failed to spawn \"rustfmt\" \"--edition\" \"2021\""}
[2022-04-24 17:33:11.833] [renderer1] [warning] {"name":"Error","message":"Failed to spawn \"rustfmt\" \"--edition\" \"2021\""}
[2022-04-24 17:33:22.357] [renderer1] [warning] {"name":"Error","message":"Failed to spawn \"rustfmt\" \"--edition\" \"2021\""}
[2022-04-24 17:33:46.142] [renderer1] [warning] {"name":"Error","message":"Failed to spawn \"rustfmt\" \"--edition\" \"2021\""}
[2022-04-24 17:40:38.502] [renderer1] [warning] {"name":"Error","message":"Failed to spawn \"rustfmt\" \"--edition\" \"2021\""}
[2022-04-24 17:41:03.635] [renderer1] [warning] {"name":"Error","message":"Failed to spawn \"rustfmt\" \"--edition\" \"2021\""}
[2022-04-24 17:41:14.833] [renderer1] [warning] {"name":"Error","message":"Failed to spawn \"rustfmt\" \"--edition\" \"2021\""}
