[2022-04-24T07:49:25.271Z] Git の検証が検出されました: git
[2022-04-24T07:49:25.322Z] git から Git 2.35.1 を使用しています
[2022-04-24T07:49:25.357Z] > git rev-parse --git-dir [1ms]
[2022-04-24T07:49:25.361Z] Open repository: /home/ophis/git/atcoder
[2022-04-24T07:49:25.385Z] > git symbolic-ref --short HEAD [1ms]
[2022-04-24T07:49:25.448Z] > git for-each-ref --format=%(refname)%00%(upstream:short)%00%(objectname)%00%(upstream:track) refs/heads/master refs/remotes/master [40ms]
[2022-04-24T07:49:25.465Z] > git remote --verbose [6ms]
[2022-04-24T07:49:25.465Z] > git for-each-ref --sort -committerdate --format %(refname) %(objectname) %(*objectname) [12ms]
[2022-04-24T07:49:25.478Z] > git config --get commit.template [0ms]
[2022-04-24T07:49:26.716Z] > git ls-files --stage -- /home/ophis/git/atcoder/src/main.rs [13ms]
[2022-04-24T07:49:28.200Z] > git symbolic-ref --short HEAD [1ms]
[2022-04-24T07:49:28.207Z] > git for-each-ref --format=%(refname)%00%(upstream:short)%00%(objectname)%00%(upstream:track) refs/heads/master refs/remotes/master [2ms]
[2022-04-24T07:49:28.215Z] > git for-each-ref --sort -committerdate --format %(refname) %(objectname) %(*objectname) [5ms]
[2022-04-24T07:49:28.217Z] > git remote --verbose [3ms]
[2022-04-24T07:49:28.225Z] > git config --get commit.template [2ms]
[2022-04-24T07:49:33.239Z] > git symbolic-ref --short HEAD [1ms]
[2022-04-24T07:49:33.243Z] > git for-each-ref --format=%(refname)%00%(upstream:short)%00%(objectname)%00%(upstream:track) refs/heads/master refs/remotes/master [1ms]
[2022-04-24T07:49:33.250Z] > git for-each-ref --sort -committerdate --format %(refname) %(objectname) %(*objectname) [4ms]
[2022-04-24T07:49:33.251Z] > git remote --verbose [1ms]
[2022-04-24T07:49:33.256Z] > git config --get commit.template [1ms]
[2022-04-24T07:50:05.231Z] > git symbolic-ref --short HEAD [0ms]
[2022-04-24T07:50:05.241Z] > git for-each-ref --format=%(refname)%00%(upstream:short)%00%(objectname)%00%(upstream:track) refs/heads/master refs/remotes/master [6ms]
[2022-04-24T07:50:05.249Z] > git remote --verbose [0ms]
[2022-04-24T07:50:05.250Z] > git for-each-ref --sort -committerdate --format %(refname) %(objectname) %(*objectname) [6ms]
[2022-04-24T07:50:05.256Z] > git config --get commit.template [2ms]
[2022-04-24T07:50:10.266Z] > git symbolic-ref --short HEAD [1ms]
[2022-04-24T07:50:10.270Z] > git for-each-ref --format=%(refname)%00%(upstream:short)%00%(objectname)%00%(upstream:track) refs/heads/master refs/remotes/master [1ms]
[2022-04-24T07:50:10.278Z] > git for-each-ref --sort -committerdate --format %(refname) %(objectname) %(*objectname) [4ms]
[2022-04-24T07:50:10.278Z] > git remote --verbose [1ms]
[2022-04-24T07:50:10.283Z] > git config --get commit.template [1ms]
