[2022-04-24T09:03:39.580Z] Git の検証が検出されました: git
[2022-04-24T09:03:39.606Z] git から Git 2.35.1 を使用しています
[2022-04-24T09:03:39.619Z] > git rev-parse --git-dir [1ms]
[2022-04-24T09:03:39.623Z] Open repository: /home/ophis/git/atcoder
[2022-04-24T09:03:39.631Z] > git symbolic-ref --short HEAD [0ms]
[2022-04-24T09:03:39.635Z] > git for-each-ref --format=%(refname)%00%(upstream:short)%00%(objectname)%00%(upstream:track) refs/heads/master refs/remotes/master [1ms]
[2022-04-24T09:03:39.642Z] > git remote --verbose [1ms]
[2022-04-24T09:03:39.642Z] > git for-each-ref --sort -committerdate --format %(refname) %(objectname) %(*objectname) [4ms]
[2022-04-24T09:03:39.647Z] > git config --get commit.template [0ms]
[2022-04-24T09:03:40.257Z] > git ls-files --stage -- /home/ophis/git/atcoder/src/main.rs [2ms]
[2022-04-24T09:03:41.568Z] > git symbolic-ref --short HEAD [0ms]
[2022-04-24T09:03:41.571Z] > git for-each-ref --format=%(refname)%00%(upstream:short)%00%(objectname)%00%(upstream:track) refs/heads/master refs/remotes/master [0ms]
[2022-04-24T09:03:41.578Z] > git remote --verbose [1ms]
[2022-04-24T09:03:41.578Z] > git for-each-ref --sort -committerdate --format %(refname) %(objectname) %(*objectname) [3ms]
[2022-04-24T09:03:41.583Z] > git config --get commit.template [0ms]
[2022-04-24T09:03:48.619Z] > git symbolic-ref --short HEAD [1ms]
[2022-04-24T09:03:48.623Z] > git for-each-ref --format=%(refname)%00%(upstream:short)%00%(objectname)%00%(upstream:track) refs/heads/master refs/remotes/master [1ms]
[2022-04-24T09:03:48.629Z] > git for-each-ref --sort -committerdate --format %(refname) %(objectname) %(*objectname) [3ms]
[2022-04-24T09:03:48.629Z] > git remote --verbose [1ms]
[2022-04-24T09:03:48.634Z] > git config --get commit.template [0ms]
[2022-04-24T09:03:57.205Z] > git symbolic-ref --short HEAD [1ms]
[2022-04-24T09:03:57.209Z] > git for-each-ref --format=%(refname)%00%(upstream:short)%00%(objectname)%00%(upstream:track) refs/heads/master refs/remotes/master [1ms]
[2022-04-24T09:03:57.215Z] > git for-each-ref --sort -committerdate --format %(refname) %(objectname) %(*objectname) [3ms]
[2022-04-24T09:03:57.215Z] > git remote --verbose [1ms]
[2022-04-24T09:03:57.219Z] > git config --get commit.template [1ms]
