[2022-04-24 16:25:55.443] [exthost] [info] Extension host with pid 2859 started
[2022-04-24 16:25:55.443] [exthost] [info] Skipping acquiring lock for /home/ophis/.config/Code/User/workspaceStorage/cca908dbabbbb0096474b83dbf9efe5d.
[2022-04-24 16:25:55.552] [exthost] [info] ExtensionService#_doActivateExtension matklad.rust-analyzer, startup: false, activationEvent: 'onLanguage:rust'
[2022-04-24 16:25:55.572] [exthost] [info] ExtensionService#_doActivateExtension vscode.microsoft-authentication, startup: false, activationEvent: 'onAuthenticationRequest:microsoft'
[2022-04-24 16:25:55.613] [exthost] [info] ExtensionService#_doActivateExtension vscode.debug-auto-launch, startup: true, activationEvent: '*'
[2022-04-24 16:25:55.615] [exthost] [info] ExtensionService#_doActivateExtension vscode.git-base, startup: true, activationEvent: '*', root cause: vscode.git
[2022-04-24 16:25:55.618] [exthost] [info] ExtensionService#_doActivateExtension vscode.ipynb, startup: true, activationEvent: '*'
[2022-04-24 16:25:55.621] [exthost] [info] ExtensionService#_doActivateExtension asvetliakov.vscode-neovim, startup: true, activationEvent: '*'
[2022-04-24 16:25:55.636] [exthost] [info] ExtensionService#_doActivateExtension mosapride.zenkaku, startup: true, activationEvent: '*'
[2022-04-24 16:25:55.637] [exthost] [info] ExtensionService#_doActivateExtension oderwat.indent-rainbow, startup: true, activationEvent: '*'
[2022-04-24 16:25:55.725] [exthost] [info] ExtensionService#_doActivateExtension vscode.git, startup: true, activationEvent: '*'
[2022-04-24 16:25:55.756] [exthost] [info] ExtensionService#_doActivateExtension vscode.github, startup: true, activationEvent: '*'
[2022-04-24 16:25:56.266] [exthost] [info] Eager extensions activated
[2022-04-24 16:25:56.361] [exthost] [info] ExtensionService#_doActivateExtension vscode.emmet, startup: false, activationEvent: 'onStartupFinished'
[2022-04-24 16:25:56.370] [exthost] [info] ExtensionService#_doActivateExtension vscode.merge-conflict, startup: false, activationEvent: 'onStartupFinished'
[2022-04-24 16:25:56.372] [exthost] [info] ExtensionService#_doActivateExtension esbenp.prettier-vscode, startup: false, activationEvent: 'onStartupFinished'
[2022-04-24 16:25:56.405] [exthost] [info] ExtensionService#_doActivateExtension vscode.github-authentication, startup: false, activationEvent: 'onAuthenticationRequest:github'
[2022-04-24 16:26:14.600] [exthost] [info] ExtensionService#_doActivateExtension vscode.configuration-editing, startup: false, activationEvent: 'onLanguage:jsonc'
[2022-04-24 16:26:14.605] [exthost] [info] ExtensionService#_doActivateExtension vscode.json-language-features, startup: false, activationEvent: 'onLanguage:jsonc'
[2022-04-24 16:26:14.618] [exthost] [info] ExtensionService#_doActivateExtension vscode.typescript-language-features, startup: false, activationEvent: 'onLanguage:jsonc'
[2022-04-24 16:32:12.449] [exthost] [info] extension host terminating: renderer closed the socket
[2022-04-24 16:32:12.486] [exthost] [error] Canceled: Canceled
	at Object.N [as canceled] (/opt/vscode/resources/app/out/vs/workbench/api/node/extensionHostProcess.js:5:1172)
	at i._remoteCall (/opt/vscode/resources/app/out/vs/workbench/api/node/extensionHostProcess.js:89:13900)
	at Proxy.p.<computed>.U.charCodeAt.p.<computed> (/opt/vscode/resources/app/out/vs/workbench/api/node/extensionHostProcess.js:89:10296)
	at m._doExecuteCommand (/opt/vscode/resources/app/out/vs/workbench/api/node/extensionHostProcess.js:85:30156)
	at m.executeCommand (/opt/vscode/resources/app/out/vs/workbench/api/node/extensionHostProcess.js:85:29554)
	at Object.executeCommand (/opt/vscode/resources/app/out/vs/workbench/api/node/extensionHostProcess.js:99:31355)
	at Tc (/home/ophis/.vscode/extensions/matklad.rust-analyzer-0.2.1022-linux-x64/out/main.js:39:60194)
	at Object.av (/home/ophis/.vscode/extensions/matklad.rust-analyzer-0.2.1022-linux-x64/out/main.js:85:1592)
	at u._deactivate (/opt/vscode/resources/app/out/vs/workbench/api/node/extensionHostProcess.js:90:11690)
	at /opt/vscode/resources/app/out/vs/workbench/api/node/extensionHostProcess.js:90:10231
	at Array.map (<anonymous>)
	at u.deactivateAll (/opt/vscode/resources/app/out/vs/workbench/api/node/extensionHostProcess.js:90:10218)
	at E.terminate (/opt/vscode/resources/app/out/vs/workbench/api/node/extensionHostProcess.js:94:880)
	at d (/opt/vscode/resources/app/out/vs/workbench/api/node/extensionHostProcess.js:104:36250)
	at Socket.<anonymous> (/opt/vscode/resources/app/out/vs/workbench/api/node/extensionHostProcess.js:104:33946)
	at Socket.emit (node:events:402:35)
	at Pipe.<anonymous> (node:net:687:12)
[2022-04-24 16:32:12.486] [exthost] [info] Extension host with pid 2859 exiting with code 0
